<?xml version="1.0" encoding="UTF-8"?>
<!-- Generated by org.testng.reporters.JUnitXMLReporter -->
<testsuite ignored="0" hostname="Seetha" failures="1" tests="1" name="Test(failed)(failed)" time="5.565" errors="0" timestamp="2024-12-19T11:41:54 IST">
  <testcase classname="testcases.TC002_LoginTest" name="verifyLogin" time="1.393">
    <failure type="java.lang.AssertionError" message="expected [true] but found [false]">
      <![CDATA[java.lang.AssertionError: expected [true] but found [false]
at testcases.TC002_LoginTest.verifyLogin(TC002_LoginTest.java:28)
at java.base/java.util.ArrayList.forEach(ArrayList.java:1597)
... Removed 29 stack frames]]>
    </failure>
  </testcase> <!-- verifyLogin -->
</testsuite> <!-- Test(failed)(failed) -->
