<?xml version="1.0" encoding="UTF-8"?>
<!-- Generated by org.testng.reporters.JUnitXMLReporter -->
<testsuite ignored="0" hostname="Seetha" failures="0" tests="7" name="Test" time="57.461" errors="0" timestamp="2024-12-22T17:50:32 IST">
  <testcase classname="testcases.TC001_AccountRegistration" name="registeraccount" time="2.611"/>
  <testcase classname="testcases.TC002_LoginTest" name="verifyLogin" time="1.644"/>
  <testcase classname="testcases.TC003_LoginDDT" name="loginDDT" time="2.013"/>
  <testcase classname="testcases.TC003_LoginDDT" name="loginDDT" time="11.253"/>
  <testcase classname="testcases.TC003_LoginDDT" name="loginDDT" time="11.494"/>
  <testcase classname="testcases.TC003_LoginDDT" name="loginDDT" time="2.518"/>
  <testcase classname="testcases.TC003_LoginDDT" name="loginDDT" time="11.444"/>
</testsuite> <!-- Test -->
