<?xml version="1.0" encoding="UTF-8"?>
<testng-results ignored="0" total="7" passed="7" failed="0" skipped="0">
  <reporter-output>
  </reporter-output>
  <suite started-at="2024-12-22T17:49:33 IST" name="Suite" finished-at="2024-12-22T17:50:30 IST" duration-ms="57461">
    <groups>
      <group name="regression">
        <method signature="TC002_LoginTest.verifyLogin()[pri:0, instance:testcases.TC002_LoginTest@29ca3d04]" name="verifyLogin" class="testcases.TC002_LoginTest"/>
        <method signature="TC003_LoginDDT.loginDDT(java.lang.String,java.lang.String,java.lang.String)[pri:0, instance:testcases.TC003_LoginDDT@b2c5e07]" name="loginDDT" class="testcases.TC003_LoginDDT"/>
      </group> <!-- regression -->
      <group name="sanity">
        <method signature="TC001_AccountRegistration.registeraccount()[pri:0, instance:testcases.TC001_AccountRegistration@8c3619e]" name="registeraccount" class="testcases.TC001_AccountRegistration"/>
      </group> <!-- sanity -->
      <group name="master">
        <method signature="TC001_AccountRegistration.registeraccount()[pri:0, instance:testcases.TC001_AccountRegistration@8c3619e]" name="registeraccount" class="testcases.TC001_AccountRegistration"/>
        <method signature="TC002_LoginTest.verifyLogin()[pri:0, instance:testcases.TC002_LoginTest@29ca3d04]" name="verifyLogin" class="testcases.TC002_LoginTest"/>
        <method signature="TC003_LoginDDT.loginDDT(java.lang.String,java.lang.String,java.lang.String)[pri:0, instance:testcases.TC003_LoginDDT@b2c5e07]" name="loginDDT" class="testcases.TC003_LoginDDT"/>
      </group> <!-- master -->
    </groups>
    <test started-at="2024-12-22T17:49:33 IST" name="Test" finished-at="2024-12-22T17:50:30 IST" duration-ms="57461">
      <class name="testcases.TC003_LoginDDT">
        <test-method is-config="true" signature="setup(java.lang.String,java.lang.String)[pri:0, instance:testcases.TC003_LoginDDT@b2c5e07]" started-at="2024-12-22T17:49:46 IST" name="setup" finished-at="2024-12-22T17:49:49 IST" duration-ms="2824" status="PASS">
          <params>
            <param index="0">
              <value>
                <![CDATA[windows]]>
              </value>
            </param>
            <param index="1">
              <value>
                <![CDATA[chrome]]>
              </value>
            </param>
          </params>
          <reporter-output>
          </reporter-output>
        </test-method> <!-- setup -->
        <test-method signature="loginDDT(java.lang.String,java.lang.String,java.lang.String)[pri:0, instance:testcases.TC003_LoginDDT@b2c5e07]" started-at="2024-12-22T17:49:51 IST" name="loginDDT" data-provider="login_credentials" finished-at="2024-12-22T17:49:53 IST" duration-ms="2013" status="PASS">
          <params>
            <param index="0">
              <value>
                <![CDATA[cmk2@gmail.com]]>
              </value>
            </param>
            <param index="1">
              <value>
                <![CDATA[mani@123]]>
              </value>
            </param>
            <param index="2">
              <value>
                <![CDATA[valid]]>
              </value>
            </param>
          </params>
          <reporter-output>
          </reporter-output>
        </test-method> <!-- loginDDT -->
        <test-method signature="loginDDT(java.lang.String,java.lang.String,java.lang.String)[pri:0, instance:testcases.TC003_LoginDDT@b2c5e07]" started-at="2024-12-22T17:49:53 IST" name="loginDDT" data-provider="login_credentials" finished-at="2024-12-22T17:50:05 IST" duration-ms="11253" status="PASS">
          <params>
            <param index="0">
              <value>
                <![CDATA[cnk7@gmail.com]]>
              </value>
            </param>
            <param index="1">
              <value>
                <![CDATA[mani@124]]>
              </value>
            </param>
            <param index="2">
              <value>
                <![CDATA[invalid]]>
              </value>
            </param>
          </params>
          <reporter-output>
          </reporter-output>
        </test-method> <!-- loginDDT -->
        <test-method signature="loginDDT(java.lang.String,java.lang.String,java.lang.String)[pri:0, instance:testcases.TC003_LoginDDT@b2c5e07]" started-at="2024-12-22T17:50:05 IST" name="loginDDT" data-provider="login_credentials" finished-at="2024-12-22T17:50:16 IST" duration-ms="11494" status="PASS">
          <params>
            <param index="0">
              <value>
                <![CDATA[cnk4@gmail.com]]>
              </value>
            </param>
            <param index="1">
              <value>
                <![CDATA[mani@125]]>
              </value>
            </param>
            <param index="2">
              <value>
                <![CDATA[invalid]]>
              </value>
            </param>
          </params>
          <reporter-output>
          </reporter-output>
        </test-method> <!-- loginDDT -->
        <test-method signature="loginDDT(java.lang.String,java.lang.String,java.lang.String)[pri:0, instance:testcases.TC003_LoginDDT@b2c5e07]" started-at="2024-12-22T17:50:16 IST" name="loginDDT" data-provider="login_credentials" finished-at="2024-12-22T17:50:19 IST" duration-ms="2518" status="PASS">
          <params>
            <param index="0">
              <value>
                <![CDATA[cmk3@gmail.com]]>
              </value>
            </param>
            <param index="1">
              <value>
                <![CDATA[mani@123]]>
              </value>
            </param>
            <param index="2">
              <value>
                <![CDATA[valid]]>
              </value>
            </param>
          </params>
          <reporter-output>
          </reporter-output>
        </test-method> <!-- loginDDT -->
        <test-method signature="loginDDT(java.lang.String,java.lang.String,java.lang.String)[pri:0, instance:testcases.TC003_LoginDDT@b2c5e07]" started-at="2024-12-22T17:50:19 IST" name="loginDDT" data-provider="login_credentials" finished-at="2024-12-22T17:50:30 IST" duration-ms="11444" status="PASS">
          <params>
            <param index="0">
              <value>
                <![CDATA[cnk6@gmail.com]]>
              </value>
            </param>
            <param index="1">
              <value>
                <![CDATA[mani@127]]>
              </value>
            </param>
            <param index="2">
              <value>
                <![CDATA[invalid]]>
              </value>
            </param>
          </params>
          <reporter-output>
          </reporter-output>
        </test-method> <!-- loginDDT -->
        <test-method is-config="true" signature="teardown()[pri:0, instance:testcases.TC003_LoginDDT@b2c5e07]" started-at="2024-12-22T17:50:30 IST" name="teardown" finished-at="2024-12-22T17:50:30 IST" duration-ms="287" status="PASS">
          <reporter-output>
          </reporter-output>
        </test-method> <!-- teardown -->
      </class> <!-- testcases.TC003_LoginDDT -->
      <class name="testcases.TC002_LoginTest">
        <test-method is-config="true" signature="setup(java.lang.String,java.lang.String)[pri:0, instance:testcases.TC002_LoginTest@29ca3d04]" started-at="2024-12-22T17:49:41 IST" name="setup" finished-at="2024-12-22T17:49:44 IST" duration-ms="3179" status="PASS">
          <params>
            <param index="0">
              <value>
                <![CDATA[windows]]>
              </value>
            </param>
            <param index="1">
              <value>
                <![CDATA[chrome]]>
              </value>
            </param>
          </params>
          <reporter-output>
          </reporter-output>
        </test-method> <!-- setup -->
        <test-method signature="verifyLogin()[pri:0, instance:testcases.TC002_LoginTest@29ca3d04]" started-at="2024-12-22T17:49:44 IST" name="verifyLogin" finished-at="2024-12-22T17:49:46 IST" duration-ms="1644" status="PASS">
          <reporter-output>
          </reporter-output>
        </test-method> <!-- verifyLogin -->
        <test-method is-config="true" signature="teardown()[pri:0, instance:testcases.TC002_LoginTest@29ca3d04]" started-at="2024-12-22T17:49:46 IST" name="teardown" finished-at="2024-12-22T17:49:46 IST" duration-ms="291" status="PASS">
          <reporter-output>
          </reporter-output>
        </test-method> <!-- teardown -->
      </class> <!-- testcases.TC002_LoginTest -->
      <class name="testcases.TC001_AccountRegistration">
        <test-method is-config="true" signature="setup(java.lang.String,java.lang.String)[pri:0, instance:testcases.TC001_AccountRegistration@8c3619e]" started-at="2024-12-22T17:49:33 IST" name="setup" finished-at="2024-12-22T17:49:38 IST" duration-ms="5174" status="PASS">
          <params>
            <param index="0">
              <value>
                <![CDATA[windows]]>
              </value>
            </param>
            <param index="1">
              <value>
                <![CDATA[chrome]]>
              </value>
            </param>
          </params>
          <reporter-output>
          </reporter-output>
        </test-method> <!-- setup -->
        <test-method signature="registeraccount()[pri:0, instance:testcases.TC001_AccountRegistration@8c3619e]" started-at="2024-12-22T17:49:38 IST" name="registeraccount" finished-at="2024-12-22T17:49:41 IST" duration-ms="2611" status="PASS">
          <reporter-output>
          </reporter-output>
        </test-method> <!-- registeraccount -->
        <test-method is-config="true" signature="teardown()[pri:0, instance:testcases.TC001_AccountRegistration@8c3619e]" started-at="2024-12-22T17:49:41 IST" name="teardown" finished-at="2024-12-22T17:49:41 IST" duration-ms="263" status="PASS">
          <reporter-output>
          </reporter-output>
        </test-method> <!-- teardown -->
      </class> <!-- testcases.TC001_AccountRegistration -->
    </test> <!-- Test -->
  </suite> <!-- Suite -->
</testng-results>
